Arguments: 
  /Users/grantcolestock/.nvm/versions/node/v12.19.1/bin/node /usr/local/Cellar/yarn/1.16.0/libexec/bin/yarn.js init

PATH: 
  /Users/grantcolestock/.sdkman/candidates/maven/current/bin:/Users/grantcolestock/.sdkman/candidates/java/current/bin:/Users/grantcolestock/.nvm/versions/node/v12.19.1/bin:/usr/local/opt/openssl/bin:/Users/grantcolestock/.cargo/bin:/usr/local/bin:/usr/bin:/bin:/usr/sbin:/sbin:/Users/grantcolestock/bin

Yarn version: 
  1.16.0

Node version: 
  12.19.1

Platform: 
  darwin x64

Trace: 
  Error: canceled
      at Interface.<anonymous> (/usr/local/Cellar/yarn/1.16.0/libexec/lib/cli.js:125850:13)
      at Interface.emit (events.js:314:20)
      at Interface._ttyWrite (readline.js:868:16)
      at ReadStream.onkeypress (readline.js:205:10)
      at ReadStream.emit (events.js:314:20)
      at emitKeys (internal/readline/utils.js:335:14)
      at emitKeys.next (<anonymous>)
      at ReadStream.onData (readline.js:1137:36)
      at ReadStream.emit (events.js:314:20)
      at addChunk (_stream_readable.js:298:12)

npm manifest: 
  No manifest

yarn manifest: 
  No manifest

Lockfile: 
  No lockfile
